[debug] [2021-03-05T06:18:23.977Z] ----------------------------------------------------------------------
[debug] [2021-03-05T06:18:24.038Z] Command:       C:\Program Files\nodejs\node.exe C:\Users\Dhruv\AppData\Roaming\npm\node_modules\firebase-tools\lib\bin\firebase.js init
[debug] [2021-03-05T06:18:24.039Z] CLI Version:   9.3.0
[debug] [2021-03-05T06:18:24.039Z] Platform:      win32
[debug] [2021-03-05T06:18:24.039Z] Node Version:  v14.15.4
[debug] [2021-03-05T06:18:25.428Z] Time:          Fri Mar 05 2021 11:48:24 GMT+0530 (India Standard Time)
[debug] [2021-03-05T06:18:25.429Z] ----------------------------------------------------------------------
[debug] [2021-03-05T06:18:25.429Z] 
[debug] [2021-03-05T06:18:25.524Z] >>> [apiv2][query] GET https://firebase-public.firebaseio.com/cli.json [none]
[debug] [2021-03-05T06:18:25.648Z] > command requires scopes: ["email","openid","https://www.googleapis.com/auth/cloudplatformprojects.readonly","https://www.googleapis.com/auth/firebase","https://www.googleapis.com/auth/cloud-platform"]
[debug] [2021-03-05T06:18:25.649Z] > authorizing via signed-in user
[info] 
     ######## #### ########  ######## ########     ###     ######  ########
     ##        ##  ##     ## ##       ##     ##  ##   ##  ##       ##
     ######    ##  ########  ######   ########  #########  ######  ######
     ##        ##  ##    ##  ##       ##     ## ##     ##       ## ##
     ##       #### ##     ## ######## ########  ##     ##  ######  ########

You're about to initialize a Firebase project in this directory:

  G:\Development\Api

[debug] [2021-03-05T06:18:27.117Z] <<< [apiv2][status] GET https://firebase-public.firebaseio.com/cli.json 200
[debug] [2021-03-05T06:18:27.117Z] <<< [apiv2][body] GET https://firebase-public.firebaseio.com/cli.json {"cloudBuildErrorAfter":1594252800000,"cloudBuildWarnAfter":1590019200000,"defaultNode10After":1594252800000,"minVersion":"3.0.5","node8DeploysDisabledAfter":1613390400000,"node8RuntimeDisabledAfter":1615809600000,"node8WarnAfter":1600128000000}
[info] 
=== Project Setup
[info] 
[info] First, let's associate this project directory with a Firebase project.
[info] You can create multiple project aliases by running firebase use --add, 
[info] but for now we'll just set up a default project.
[info] 
